<?xml version="1.0" encoding="UTF-8"?>
<!-- Generated by org.testng.reporters.JUnitReportReporter -->
<testsuite hostname="LE1339" failures="0" tests="1" name="com.duckduckgo.tests.SearchPageTest" time="7.536" errors="0" timestamp="2021-10-09T13:59:19 IST" skipped="0">
  <testcase classname="com.duckduckgo.tests.SearchPageTest" name="searchTest" time="7.536"/>
  <system-out/>
</testsuite> <!-- com.duckduckgo.tests.SearchPageTest -->
