<?xml version="1.0" encoding="UTF-8"?>
<!-- Generated by org.testng.reporters.JUnitReportReporter -->
<testsuite hostname="LE1339" failures="0" tests="5" name="com.newtest.tests.BookFlightsTest" time="16.118" errors="0" timestamp="2021-10-09T13:59:19 IST" skipped="0">
  <testcase classname="com.newtest.tests.BookFlightsTest" name="bookFlightsPageTest" time="1.069"/>
  <system-out/>
  <testcase classname="com.newtest.tests.BookFlightsTest" name="registrationPageTest" time="10.701"/>
  <system-out/>
  <testcase classname="com.newtest.tests.BookFlightsTest" name="findFlightsPageTest" time="2.613"/>
  <system-out/>
  <testcase classname="com.newtest.tests.BookFlightsTest" name="flightConfirmationPageTest" time="1.206"/>
  <system-out/>
  <testcase classname="com.newtest.tests.BookFlightsTest" name="registrationConfirmPageTest" time="0.529"/>
  <system-out/>
</testsuite> <!-- com.newtest.tests.BookFlightsTest -->
